Arguments: 
  C:\Program Files\nodejs\node.exe C:\Users\supanatv\AppData\Roaming\npm\node_modules\yarn\bin\yarn.js add react-router-dom

PATH: 
  C:\ProgramData\Oracle\Java\javapath;C:\WINDOWS\system32;C:\WINDOWS;C:\WINDOWS\System32\Wbem;C:\WINDOWS\System32\WindowsPowerShell\v1.0\;C:\Program Files\Git\cmd;C:\Python27\;C:\Python\Scripts;C:\Program Files\PuTTY\;C:\Program Files\Geth;C:\Program Files\nodejs\;C:\Program Files (x86)\Windows Kits\10\Windows Performance Toolkit\;C:\Program Files\dotnet\;C:\Users\supanatv\AppData\Roaming\Python\Scripts;C:\Users\supanatv\AppData\Local\atom\bin;C:\Program Files\Microsoft VS Code\bin;C:\Users\supanatv\AppData\Local\Microsoft\WindowsApps;C:\Users\supanatv\AppData\Roaming\npm;"C:\Python27;C:\Python27\Lib\site-packages\;C:\Python27\Scripts\;";

Yarn version: 
  1.4.0

Node version: 
  8.9.4

Platform: 
  win32 x64

npm manifest: 
  {
    "name": "react-box",
    "version": "0.1.0",
    "private": true,
    "devDependencies": {
      "autoprefixer": "6.5.1",
      "babel-core": "6.17.0",
      "babel-eslint": "7.1.1",
      "babel-jest": "17.0.2",
      "babel-loader": "6.2.7",
      "babel-preset-react-app": "^2.0.1",
      "case-sensitive-paths-webpack-plugin": "1.1.4",
      "chalk": "1.1.3",
      "connect-history-api-fallback": "1.3.0",
      "cross-spawn": "4.0.2",
      "css-loader": "0.26.0",
      "detect-port": "1.0.1",
      "dotenv": "2.0.0",
      "eslint": "3.8.1",
      "eslint-config-react-app": "^0.5.0",
      "eslint-loader": "1.6.0",
      "eslint-plugin-flowtype": "2.21.0",
      "eslint-plugin-import": "2.0.1",
      "eslint-plugin-jsx-a11y": "2.2.3",
      "eslint-plugin-react": "6.4.1",
      "extract-text-webpack-plugin": "1.0.1",
      "file-loader": "0.9.0",
      "filesize": "3.3.0",
      "fs-extra": "0.30.0",
      "gzip-size": "3.0.0",
      "html-webpack-plugin": "2.24.0",
      "http-proxy-middleware": "0.17.2",
      "jest": "18.1.0",
      "json-loader": "0.5.4",
      "object-assign": "4.1.0",
      "path-exists": "2.1.0",
      "postcss-loader": "1.0.0",
      "promise": "7.1.1",
      "react-dev-utils": "^0.4.2",
      "recursive-readdir": "2.1.0",
      "strip-ansi": "3.0.1",
      "style-loader": "0.13.1",
      "truffle-contract": "^1.1.8",
      "truffle-solidity-loader": "0.0.8",
      "url-loader": "0.5.7",
      "webpack": "1.14.0",
      "webpack-dev-server": "1.16.2",
      "webpack-manifest-plugin": "1.1.0",
      "whatwg-fetch": "1.0.0"
    },
    "dependencies": {
      "dotenv": "^2.0.0",
      "react": "^15.4.2",
      "react-dom": "^15.4.2"
    },
    "scripts": {
      "start": "node scripts/start.js",
      "build": "node scripts/build.js",
      "test": "node scripts/test.js --env=jsdom"
    },
    "jest": {
      "collectCoverageFrom": [
        "src/**/*.{js,jsx}"
      ],
      "setupFiles": [
        "<rootDir>/config/polyfills.js"
      ],
      "testMatch": [
        "<rootDir>/src/**/__tests__/**/*.js?(x)",
        "<rootDir>/src/**/?(*.)(spec|test).js?(x)"
      ],
      "testEnvironment": "node",
      "testURL": "http://localhost",
      "transform": {
        "^.+\\.(js|jsx)$": "<rootDir>/node_modules/babel-jest",
        "^.+\\.css$": "<rootDir>/config/jest/cssTransform.js",
        "^(?!.*\\.(js|jsx|css|json)$)": "<rootDir>/config/jest/fileTransform.js"
      },
      "transformIgnorePatterns": [
        "[/\\\\]node_modules[/\\\\].+\\.(js|jsx)$"
      ],
      "moduleNameMapper": {
        "^react-native$": "react-native-web"
      },
      "moduleFileExtensions": [
        "web.js",
        "js",
        "json",
        "web.jsx",
        "jsx"
      ]
    },
    "babel": {
      "presets": [
        "react-app"
      ]
    },
    "eslintConfig": {
      "extends": "react-app"
    }
  }

yarn manifest: 
  No manifest

Lockfile: 
  No lockfile

Trace: 
  Error: T:\public-poll-box\node_modules\sha3: Command failed.
  Exit code: 1
  Command: C:\WINDOWS\system32\cmd.exe
  Arguments: /d /s /c node-gyp rebuild
  Directory: T:\public-poll-box\node_modules\sha3
  Output:
  T:\public-poll-box\node_modules\sha3>if not defined npm_config_node_gyp (node "C:\Program Files\nodejs\node_modules\npm\bin\node-gyp-bin\\..\..\node_modules\node-gyp\bin\node-gyp.js" rebuild )  else (node "" rebuild ) 
  gyp info it worked if it ends with ok
  gyp info using node-gyp@3.6.2
  gyp info using node@8.9.4 | win32 | x64
  gyp info spawn C:\Python27\python.EXE
  gyp info spawn args [ 'C:\\Program Files\\nodejs\\node_modules\\npm\\node_modules\\node-gyp\\gyp\\gyp_main.py',
  gyp info spawn args   'binding.gyp',
  gyp info spawn args   '-f',
  gyp info spawn args   'msvs',
  gyp info spawn args   '-G',
  gyp info spawn args   'msvs_version=auto',
  gyp info spawn args   '-I',
  gyp info spawn args   'T:\\public-poll-box\\node_modules\\sha3\\build\\config.gypi',
  gyp info spawn args   '-I',
  gyp info spawn args   'C:\\Program Files\\nodejs\\node_modules\\npm\\node_modules\\node-gyp\\addon.gypi',
  gyp info spawn args   '-I',
  gyp info spawn args   'C:\\Users\\supanatv\\.node-gyp\\8.9.4\\include\\node\\common.gypi',
  gyp info spawn args   '-Dlibrary=shared_library',
  gyp info spawn args   '-Dvisibility=default',
  gyp info spawn args   '-Dnode_root_dir=C:\\Users\\supanatv\\.node-gyp\\8.9.4',
  gyp info spawn args   '-Dnode_gyp_dir=C:\\Program Files\\nodejs\\node_modules\\npm\\node_modules\\node-gyp',
  gyp info spawn args   '-Dnode_lib_file=C:\\Users\\supanatv\\.node-gyp\\8.9.4\\<(target_arch)\\node.lib',
  gyp info spawn args   '-Dmodule_root_dir=T:\\public-poll-box\\node_modules\\sha3',
  gyp info spawn args   '-Dnode_engine=v8',
  gyp info spawn args   '--depth=.',
  gyp info spawn args   '--no-parallel',
  gyp info spawn args   '--generator-output',
  gyp info spawn args   'T:\\public-poll-box\\node_modules\\sha3\\build',
  gyp info spawn args   '-Goutput_dir=.' ]
  gyp info spawn C:\Windows\Microsoft.NET\Framework\v4.0.30319\msbuild.exe
  gyp info spawn args [ 'build/binding.sln',
  gyp info spawn args   '/clp:Verbosity=minimal',
  gyp info spawn args   '/nologo',
  gyp info spawn args   '/p:Configuration=Release;Platform=x64' ]
  gyp ERR! build error 
  gyp ERR! stack Error: `C:\Windows\Microsoft.NET\Framework\v4.0.30319\msbuild.exe` failed with exit code: 1
  gyp ERR! stack     at ChildProcess.onExit (C:\Program Files\nodejs\node_modules\npm\node_modules\node-gyp\lib\build.js:258:23)
  gyp ERR! stack     at emitTwo (events.js:126:13)
  gyp ERR! stack     at ChildProcess.emit (events.js:214:7)
  gyp ERR! stack     at Process.ChildProcess._handle.onexit (internal/child_process.js:198:12)
  gyp ERR! System Windows_NT 10.0.16299
  gyp ERR! command "C:\\Program Files\\nodejs\\node.exe" "C:\\Program Files\\nodejs\\node_modules\\npm\\node_modules\\node-gyp\\bin\\node-gyp.js" "rebuild"
  gyp ERR! cwd T:\public-poll-box\node_modules\sha3
  gyp ERR! node -v v8.9.4
  gyp ERR! node-gyp -v v3.6.2
  gyp ERR! not ok 
  Building the projects in this solution one at a time. To enable parallel build, please add the "/m" switch.
  MSBUILD : error MSB3428: Could not load the Visual C++ component "VCBuild.exe". To fix this, 1) install the .NET Framework 2.0 SDK, 2) install Microsoft Visual Studio 2005 or 3) add the location of the component to the system path if it is installed elsewhere.  [T:\public-poll-box\node_modules\sha3\build\binding.sln]
      at ProcessTermError.MessageError (C:\Users\supanatv\AppData\Roaming\npm\node_modules\yarn\lib\cli.js:186:110)
      at new ProcessTermError (C:\Users\supanatv\AppData\Roaming\npm\node_modules\yarn\lib\cli.js:226:113)
      at ChildProcess.<anonymous> (C:\Users\supanatv\AppData\Roaming\npm\node_modules\yarn\lib\cli.js:30822:17)
      at emitTwo (events.js:126:13)
      at ChildProcess.emit (events.js:214:7)
      at maybeClose (internal/child_process.js:925:16)
      at Socket.stream.socket.on (internal/child_process.js:346:11)
      at emitOne (events.js:116:13)
      at Socket.emit (events.js:211:7)
      at Pipe._handle.close [as _onclose] (net.js:554:12)
